------------------------------------------------------------------------------------------------------------------------

[2021-04-26 12:04:06 #1 store] 
Database '/home/prateksha/eclipse-workspace/SemWeb_OODB/jars/db/college_db.odb' is opened by 7798@prateksha-Lenovo-ideapad-530S-15IKB

[2021-04-26 12:04:06 #2 store] 
Configuration path: ?

[2021-04-26 12:04:06 #3 type] 
Type ProtegeGenCode.CollegeProtege.impl.DefaultCollege is not enhanced.

[2021-04-26 12:04:06 #4 type] 
Type ProtegeGenCode.CollegeProtege.impl.DefaultCourse is not enhanced.

[2021-04-26 12:04:06 #5 type] 
Type ProtegeGenCode.CollegeProtege.impl.DefaultMTech is not enhanced.

[2021-04-26 12:04:06 #6 type] 
Type ProtegeGenCode.CollegeProtege.impl.DefaultProfessor is not enhanced.

[2021-04-26 12:04:06 #7 type] 
Type ProtegeGenCode.CollegeProtege.impl.DefaultIMTech is not enhanced.

[2021-04-26 12:04:06 #8 type] 
Type ProtegeGenCode.CollegeProtege.impl.DefaultStudent is not enhanced.

[2021-04-26 12:04:06 #9 store] 
Database '/home/prateksha/eclipse-workspace/SemWeb_OODB/jars/db/college_db.odb' is closed by 7798@prateksha-Lenovo-ideapad-530S-15IKB

------------------------------------------------------------------------------------------------------------------------

[2021-04-26 12:05:21 #1 store] 
Database '/home/prateksha/eclipse-workspace/SemWeb_OODB/jars/db/college_db.odb' is opened by 7923@prateksha-Lenovo-ideapad-530S-15IKB

[2021-04-26 12:05:21 #2 store] 
Configuration path: ?

[2021-04-26 12:05:22 #3 type] 
Type ProtegeGenCode.CollegeProtege.impl.DefaultCollege is not enhanced.

[2021-04-26 12:05:22 #4 type] 
Type ProtegeGenCode.CollegeProtege.impl.DefaultCourse is not enhanced.

[2021-04-26 12:05:22 #5 type] 
Type ProtegeGenCode.CollegeProtege.impl.DefaultMTech is not enhanced.

[2021-04-26 12:05:22 #6 type] 
Type ProtegeGenCode.CollegeProtege.impl.DefaultProfessor is not enhanced.

[2021-04-26 12:05:22 #7 type] 
Type ProtegeGenCode.CollegeProtege.impl.DefaultIMTech is not enhanced.

[2021-04-26 12:05:22 #8 type] 
Type ProtegeGenCode.CollegeProtege.impl.DefaultStudent is not enhanced.

[2021-04-26 12:05:22 #9 store] 
Database '/home/prateksha/eclipse-workspace/SemWeb_OODB/jars/db/college_db.odb' is closed by 7923@prateksha-Lenovo-ideapad-530S-15IKB

------------------------------------------------------------------------------------------------------------------------

[2021-04-26 12:07:37 #1 store] 
Database '/home/prateksha/eclipse-workspace/SemWeb_OODB/jars/db/college_db.odb' is opened by 8078@prateksha-Lenovo-ideapad-530S-15IKB

[2021-04-26 12:07:37 #2 store] 
Configuration path: ?

[2021-04-26 12:07:37 #3 type] 
Type ProtegeGenCode.CollegeProtege.impl.DefaultCollege is not enhanced.

[2021-04-26 12:07:37 #4 type] 
Type ProtegeGenCode.CollegeProtege.impl.DefaultCourse is not enhanced.

[2021-04-26 12:07:37 #5 type] 
Type ProtegeGenCode.CollegeProtege.impl.DefaultMTech is not enhanced.

[2021-04-26 12:07:37 #6 type] 
Type ProtegeGenCode.CollegeProtege.impl.DefaultProfessor is not enhanced.

[2021-04-26 12:07:37 #7 type] 
Type ProtegeGenCode.CollegeProtege.impl.DefaultIMTech is not enhanced.

[2021-04-26 12:07:37 #8 type] 
Type ProtegeGenCode.CollegeProtege.impl.DefaultStudent is not enhanced.

[2021-04-26 12:07:37 #9 store] 
Database '/home/prateksha/eclipse-workspace/SemWeb_OODB/jars/db/college_db.odb' is closed by 8078@prateksha-Lenovo-ideapad-530S-15IKB

------------------------------------------------------------------------------------------------------------------------

[2021-04-26 12:29:14 #1 store] 
Database '/home/prateksha/eclipse-workspace/SemWeb_OODB/jars/db/college_db.odb' is opened by 9526@prateksha-Lenovo-ideapad-530S-15IKB

[2021-04-26 12:29:14 #2 store] 
Configuration path: ?

[2021-04-26 12:29:14 #3 type] 
Type ProtegeGenCode.CollegeProtege.impl.DefaultCollege is not enhanced.

[2021-04-26 12:29:14 #4 type] 
Type ProtegeGenCode.CollegeProtege.impl.DefaultCourse is not enhanced.

[2021-04-26 12:29:14 #5 type] 
Type ProtegeGenCode.CollegeProtege.impl.DefaultMTech is not enhanced.

[2021-04-26 12:29:14 #6 type] 
Type ProtegeGenCode.CollegeProtege.impl.DefaultProfessor is not enhanced.

[2021-04-26 12:29:14 #7 type] 
Type ProtegeGenCode.CollegeProtege.impl.DefaultIMTech is not enhanced.

[2021-04-26 12:29:14 #8 type] 
Type ProtegeGenCode.CollegeProtege.impl.DefaultStudent is not enhanced.

[2021-04-26 12:29:14 #9 store] 
Database '/home/prateksha/eclipse-workspace/SemWeb_OODB/jars/db/college_db.odb' is closed by 9526@prateksha-Lenovo-ideapad-530S-15IKB

------------------------------------------------------------------------------------------------------------------------

[2021-04-26 12:29:42 #1 store] 
Database '/home/prateksha/eclipse-workspace/SemWeb_OODB/jars/db/college_db.odb' is opened by 9572@prateksha-Lenovo-ideapad-530S-15IKB

[2021-04-26 12:29:42 #2 store] 
Configuration path: ?

[2021-04-26 12:29:42 #3 type] 
Type ProtegeGenCode.CollegeProtege.impl.DefaultCollege is not enhanced.

[2021-04-26 12:29:42 #4 type] 
Type ProtegeGenCode.CollegeProtege.impl.DefaultCourse is not enhanced.

[2021-04-26 12:29:42 #5 type] 
Type ProtegeGenCode.CollegeProtege.impl.DefaultMTech is not enhanced.

[2021-04-26 12:29:42 #6 type] 
Type ProtegeGenCode.CollegeProtege.impl.DefaultProfessor is not enhanced.

[2021-04-26 12:29:42 #7 type] 
Type ProtegeGenCode.CollegeProtege.impl.DefaultIMTech is not enhanced.

[2021-04-26 12:29:42 #8 type] 
Type ProtegeGenCode.CollegeProtege.impl.DefaultStudent is not enhanced.

[2021-04-26 12:29:42 #9 store] 
Database '/home/prateksha/eclipse-workspace/SemWeb_OODB/jars/db/college_db.odb' is closed by 9572@prateksha-Lenovo-ideapad-530S-15IKB

------------------------------------------------------------------------------------------------------------------------

[2021-04-26 12:30:46 #1 store] 
Database '/home/prateksha/eclipse-workspace/SemWeb_OODB/jars/db/college_db.odb' is opened by 9646@prateksha-Lenovo-ideapad-530S-15IKB

[2021-04-26 12:30:46 #2 store] 
Configuration path: ?

[2021-04-26 12:30:46 #3 type] 
Type ProtegeGenCode.CollegeProtege.impl.DefaultCollege is not enhanced.

[2021-04-26 12:30:46 #4 type] 
Type ProtegeGenCode.CollegeProtege.impl.DefaultCourse is not enhanced.

[2021-04-26 12:30:46 #5 type] 
Type ProtegeGenCode.CollegeProtege.impl.DefaultMTech is not enhanced.

[2021-04-26 12:30:46 #6 type] 
Type ProtegeGenCode.CollegeProtege.impl.DefaultProfessor is not enhanced.

[2021-04-26 12:30:46 #7 type] 
Type ProtegeGenCode.CollegeProtege.impl.DefaultIMTech is not enhanced.

[2021-04-26 12:30:46 #8 type] 
Type ProtegeGenCode.CollegeProtege.impl.DefaultStudent is not enhanced.

------------------------------------------------------------------------------------------------------------------------

[2021-04-26 12:31:09 #1 store] 
Database '/home/prateksha/eclipse-workspace/SemWeb_OODB/jars/db/college_db.odb' is opened by 9693@prateksha-Lenovo-ideapad-530S-15IKB

[2021-04-26 12:31:09 #2 store] 
Configuration path: ?

[2021-04-26 12:31:09 #3 type] 
Type ProtegeGenCode.CollegeProtege.impl.DefaultCollege is not enhanced.

[2021-04-26 12:31:09 #4 type] 
Type ProtegeGenCode.CollegeProtege.impl.DefaultCourse is not enhanced.

[2021-04-26 12:31:09 #5 type] 
Type ProtegeGenCode.CollegeProtege.impl.DefaultMTech is not enhanced.

[2021-04-26 12:31:09 #6 type] 
Type ProtegeGenCode.CollegeProtege.impl.DefaultProfessor is not enhanced.

[2021-04-26 12:31:09 #7 type] 
Type ProtegeGenCode.CollegeProtege.impl.DefaultIMTech is not enhanced.

[2021-04-26 12:31:09 #8 type] 
Type ProtegeGenCode.CollegeProtege.impl.DefaultStudent is not enhanced.

[2021-04-26 12:31:10 #9 store] 
Database '/home/prateksha/eclipse-workspace/SemWeb_OODB/jars/db/college_db.odb' is closed by 9693@prateksha-Lenovo-ideapad-530S-15IKB

------------------------------------------------------------------------------------------------------------------------

[2021-04-26 12:32:19 #1 store] 
Database '/home/prateksha/eclipse-workspace/SemWeb_OODB/jars/db/college_db.odb' is opened by 9775@prateksha-Lenovo-ideapad-530S-15IKB

[2021-04-26 12:32:19 #2 store] 
Configuration path: ?

[2021-04-26 12:32:20 #3 type] 
Type ProtegeGenCode.CollegeProtege.impl.DefaultCollege is not enhanced.

[2021-04-26 12:32:20 #4 type] 
Type ProtegeGenCode.CollegeProtege.impl.DefaultCourse is not enhanced.

[2021-04-26 12:32:20 #5 type] 
Type ProtegeGenCode.CollegeProtege.impl.DefaultMTech is not enhanced.

[2021-04-26 12:32:20 #6 type] 
Type ProtegeGenCode.CollegeProtege.impl.DefaultProfessor is not enhanced.

[2021-04-26 12:32:20 #7 type] 
Type ProtegeGenCode.CollegeProtege.impl.DefaultIMTech is not enhanced.

[2021-04-26 12:32:20 #8 type] 
Type ProtegeGenCode.CollegeProtege.impl.DefaultStudent is not enhanced.

[2021-04-26 12:32:20 #9 store] 
Database '/home/prateksha/eclipse-workspace/SemWeb_OODB/jars/db/college_db.odb' is closed by 9775@prateksha-Lenovo-ideapad-530S-15IKB

------------------------------------------------------------------------------------------------------------------------

[2021-04-26 12:33:30 #1 store] 
Database '/home/prateksha/eclipse-workspace/SemWeb_OODB/jars/db/college_db.odb' is opened by 9864@prateksha-Lenovo-ideapad-530S-15IKB

[2021-04-26 12:33:30 #2 store] 
Configuration path: ?

[2021-04-26 12:33:30 #3 type] 
Type ProtegeGenCode.CollegeProtege.impl.DefaultCollege is not enhanced.

[2021-04-26 12:33:30 #4 type] 
Type ProtegeGenCode.CollegeProtege.impl.DefaultCourse is not enhanced.

[2021-04-26 12:33:30 #5 type] 
Type ProtegeGenCode.CollegeProtege.impl.DefaultMTech is not enhanced.

[2021-04-26 12:33:30 #6 type] 
Type ProtegeGenCode.CollegeProtege.impl.DefaultProfessor is not enhanced.

[2021-04-26 12:33:30 #7 type] 
Type ProtegeGenCode.CollegeProtege.impl.DefaultIMTech is not enhanced.

[2021-04-26 12:33:30 #8 type] 
Type ProtegeGenCode.CollegeProtege.impl.DefaultStudent is not enhanced.

[2021-04-26 12:33:30 #9 store] 
Database '/home/prateksha/eclipse-workspace/SemWeb_OODB/jars/db/college_db.odb' is closed by 9864@prateksha-Lenovo-ideapad-530S-15IKB

------------------------------------------------------------------------------------------------------------------------

[2021-04-26 12:35:20 #1 store] 
Database '/home/prateksha/eclipse-workspace/SemWeb_OODB/jars/db/college_db.odb' is opened by 9933@prateksha-Lenovo-ideapad-530S-15IKB

[2021-04-26 12:35:20 #2 store] 
Configuration path: ?

[2021-04-26 12:35:20 #3 type] 
Type ProtegeGenCode.CollegeProtege.impl.DefaultCollege is not enhanced.

[2021-04-26 12:35:20 #4 type] 
Type ProtegeGenCode.CollegeProtege.impl.DefaultCourse is not enhanced.

[2021-04-26 12:35:20 #5 type] 
Type ProtegeGenCode.CollegeProtege.impl.DefaultMTech is not enhanced.

[2021-04-26 12:35:20 #6 type] 
Type ProtegeGenCode.CollegeProtege.impl.DefaultProfessor is not enhanced.

[2021-04-26 12:35:20 #7 type] 
Type ProtegeGenCode.CollegeProtege.impl.DefaultIMTech is not enhanced.

[2021-04-26 12:35:20 #8 type] 
Type ProtegeGenCode.CollegeProtege.impl.DefaultStudent is not enhanced.

[2021-04-26 12:35:20 #9 store] 
Database '/home/prateksha/eclipse-workspace/SemWeb_OODB/jars/db/college_db.odb' is closed by 9933@prateksha-Lenovo-ideapad-530S-15IKB

------------------------------------------------------------------------------------------------------------------------

[2021-04-26 12:46:50 #1 store] 
Database '/home/prateksha/eclipse-workspace/SemWeb_OODB/jars/db/college_db.odb' is opened by 10384@prateksha-Lenovo-ideapad-530S-15IKB

[2021-04-26 12:46:50 #2 store] 
Configuration path: ?

[2021-04-26 12:46:50 #3 type] 
Type ProtegeGenCode.CollegeProtege.impl.DefaultCollege is not enhanced.

[2021-04-26 12:46:50 #4 type] 
Type ProtegeGenCode.CollegeProtege.impl.DefaultCourse is not enhanced.

[2021-04-26 12:46:50 #5 type] 
Type ProtegeGenCode.CollegeProtege.impl.DefaultMTech is not enhanced.

[2021-04-26 12:46:50 #6 type] 
Type ProtegeGenCode.CollegeProtege.impl.DefaultProfessor is not enhanced.

[2021-04-26 12:46:50 #7 type] 
Type ProtegeGenCode.CollegeProtege.impl.DefaultIMTech is not enhanced.

[2021-04-26 12:46:50 #8 type] 
Type ProtegeGenCode.CollegeProtege.impl.DefaultStudent is not enhanced.

[2021-04-26 12:46:50 #9 store] 
Database '/home/prateksha/eclipse-workspace/SemWeb_OODB/jars/db/college_db.odb' is closed by 10384@prateksha-Lenovo-ideapad-530S-15IKB

------------------------------------------------------------------------------------------------------------------------

[2021-04-26 12:49:31 #1 store] 
Database '/home/prateksha/eclipse-workspace/SemWeb_OODB/jars/db/college_db.odb' is opened by 10535@prateksha-Lenovo-ideapad-530S-15IKB

[2021-04-26 12:49:31 #2 store] 
Configuration path: ?

[2021-04-26 12:49:31 #3 type] 
Type ProtegeGenCode.CollegeProtege.impl.DefaultCollege is not enhanced.

[2021-04-26 12:49:31 #4 type] 
Type ProtegeGenCode.CollegeProtege.impl.DefaultCourse is not enhanced.

[2021-04-26 12:49:31 #5 type] 
Type ProtegeGenCode.CollegeProtege.impl.DefaultMTech is not enhanced.

[2021-04-26 12:49:31 #6 type] 
Type ProtegeGenCode.CollegeProtege.impl.DefaultProfessor is not enhanced.

[2021-04-26 12:49:31 #7 type] 
Type ProtegeGenCode.CollegeProtege.impl.DefaultIMTech is not enhanced.

[2021-04-26 12:49:32 #8 type] 
Type ProtegeGenCode.CollegeProtege.impl.DefaultStudent is not enhanced.

[2021-04-26 12:49:32 #9 store] 
Database '/home/prateksha/eclipse-workspace/SemWeb_OODB/jars/db/college_db.odb' is closed by 10535@prateksha-Lenovo-ideapad-530S-15IKB

------------------------------------------------------------------------------------------------------------------------

[2021-04-26 12:55:29 #1 store] 
Database '/home/prateksha/eclipse-workspace/SemWeb_OODB/jars/db/college_db.odb' is opened by 10809@prateksha-Lenovo-ideapad-530S-15IKB

[2021-04-26 12:55:29 #2 store] 
Configuration path: ?

[2021-04-26 12:55:29 #3 type] 
Type ProtegeGenCode.CollegeProtege.impl.DefaultCollege is not enhanced.

[2021-04-26 12:55:29 #4 type] 
Type ProtegeGenCode.CollegeProtege.impl.DefaultProfessor is not enhanced.

[2021-04-26 12:55:29 #5 store] 
Database '/home/prateksha/eclipse-workspace/SemWeb_OODB/jars/db/college_db.odb' is closed by 10809@prateksha-Lenovo-ideapad-530S-15IKB

------------------------------------------------------------------------------------------------------------------------

[2021-04-26 12:58:35 #1 store] 
Database '/home/prateksha/eclipse-workspace/SemWeb_OODB/jars/db/college_db.odb' is opened by 10946@prateksha-Lenovo-ideapad-530S-15IKB

[2021-04-26 12:58:35 #2 store] 
Configuration path: ?

[2021-04-26 12:58:35 #3 type] 
Type ProtegeGenCode.CollegeProtege.impl.DefaultCollege is not enhanced.

[2021-04-26 12:58:35 #4 type] 
Type ProtegeGenCode.CollegeProtege.impl.DefaultCourse is not enhanced.

[2021-04-26 12:58:35 #5 type] 
Type ProtegeGenCode.CollegeProtege.impl.DefaultMTech is not enhanced.

[2021-04-26 12:58:35 #6 type] 
Type ProtegeGenCode.CollegeProtege.impl.DefaultProfessor is not enhanced.

[2021-04-26 12:58:35 #7 type] 
Type ProtegeGenCode.CollegeProtege.impl.DefaultIMTech is not enhanced.

[2021-04-26 12:58:35 #8 type] 
Type ProtegeGenCode.CollegeProtege.impl.DefaultStudent is not enhanced.

[2021-04-26 12:58:36 #9 store] 
Database '/home/prateksha/eclipse-workspace/SemWeb_OODB/jars/db/college_db.odb' is closed by 10946@prateksha-Lenovo-ideapad-530S-15IKB

------------------------------------------------------------------------------------------------------------------------

[2021-04-26 13:02:52 #1 store] 
Database '/home/prateksha/eclipse-workspace/SemWeb_OODB/jars/db/college_db.odb' is opened by 11176@prateksha-Lenovo-ideapad-530S-15IKB

[2021-04-26 13:02:52 #2 store] 
Configuration path: ?

[2021-04-26 13:02:52 #3 type] 
Type ProtegeGenCode.CollegeProtege.impl.DefaultCollege is not enhanced.

[2021-04-26 13:02:52 #4 type] 
Type ProtegeGenCode.CollegeProtege.impl.DefaultCourse is not enhanced.

[2021-04-26 13:02:52 #5 type] 
Type ProtegeGenCode.CollegeProtege.impl.DefaultMTech is not enhanced.

[2021-04-26 13:02:52 #6 type] 
Type ProtegeGenCode.CollegeProtege.impl.DefaultProfessor is not enhanced.

[2021-04-26 13:02:52 #7 type] 
Type ProtegeGenCode.CollegeProtege.impl.DefaultIMTech is not enhanced.

[2021-04-26 13:02:52 #8 type] 
Type ProtegeGenCode.CollegeProtege.impl.DefaultStudent is not enhanced.

[2021-04-26 13:02:52 #9 store] 
Database '/home/prateksha/eclipse-workspace/SemWeb_OODB/jars/db/college_db.odb' is closed by 11176@prateksha-Lenovo-ideapad-530S-15IKB

------------------------------------------------------------------------------------------------------------------------

[2021-04-26 13:09:33 #1 store] 
Database '/home/prateksha/eclipse-workspace/SemWeb_OODB/jars/db/college_db.odb' is opened by 11466@prateksha-Lenovo-ideapad-530S-15IKB

[2021-04-26 13:09:33 #2 store] 
Configuration path: ?

[2021-04-26 13:09:33 #3 type] 
Type ProtegeGenCode.CollegeProtege.impl.DefaultCollege is not enhanced.

[2021-04-26 13:09:33 #4 type] 
Type ProtegeGenCode.CollegeProtege.impl.DefaultCourse is not enhanced.

[2021-04-26 13:09:33 #5 type] 
Type ProtegeGenCode.CollegeProtege.impl.DefaultMTech is not enhanced.

[2021-04-26 13:09:33 #6 type] 
Type ProtegeGenCode.CollegeProtege.impl.DefaultProfessor is not enhanced.

[2021-04-26 13:09:33 #7 type] 
Type ProtegeGenCode.CollegeProtege.impl.DefaultIMTech is not enhanced.

[2021-04-26 13:09:33 #8 type] 
Type ProtegeGenCode.CollegeProtege.impl.DefaultStudent is not enhanced.

[2021-04-26 13:09:33 #9 store] 
Database '/home/prateksha/eclipse-workspace/SemWeb_OODB/jars/db/college_db.odb' is closed by 11466@prateksha-Lenovo-ideapad-530S-15IKB

------------------------------------------------------------------------------------------------------------------------

[2021-04-26 13:13:27 #1 store] 
Database '/home/prateksha/eclipse-workspace/SemWeb_OODB/jars/db/college_db.odb' is opened by 11620@prateksha-Lenovo-ideapad-530S-15IKB

[2021-04-26 13:13:27 #2 store] 
Configuration path: ?

[2021-04-26 13:13:27 #3 type] 
Type ProtegeGenCode.CollegeProtege.impl.DefaultCollege is not enhanced.

[2021-04-26 13:13:27 #4 type] 
Type ProtegeGenCode.CollegeProtege.impl.DefaultCourse is not enhanced.

[2021-04-26 13:13:27 #5 type] 
Type ProtegeGenCode.CollegeProtege.impl.DefaultMTech is not enhanced.

[2021-04-26 13:13:27 #6 type] 
Type ProtegeGenCode.CollegeProtege.impl.DefaultProfessor is not enhanced.

[2021-04-26 13:13:27 #7 type] 
Type ProtegeGenCode.CollegeProtege.impl.DefaultIMTech is not enhanced.

[2021-04-26 13:13:27 #8 type] 
Type ProtegeGenCode.CollegeProtege.impl.DefaultStudent is not enhanced.

[2021-04-26 13:13:27 #9 store] 
Database '/home/prateksha/eclipse-workspace/SemWeb_OODB/jars/db/college_db.odb' is closed by 11620@prateksha-Lenovo-ideapad-530S-15IKB

------------------------------------------------------------------------------------------------------------------------

[2021-04-26 13:16:50 #1 store] 
Database '/home/prateksha/eclipse-workspace/SemWeb_OODB/jars/db/college_db.odb' is opened by 11790@prateksha-Lenovo-ideapad-530S-15IKB

[2021-04-26 13:16:50 #2 store] 
Configuration path: ?

[2021-04-26 13:16:50 #3 type] 
Type ProtegeGenCode.CollegeProtege.impl.DefaultCollege is not enhanced.

[2021-04-26 13:16:50 #4 type] 
Type ProtegeGenCode.CollegeProtege.impl.DefaultCourse is not enhanced.

[2021-04-26 13:16:50 #5 type] 
Type ProtegeGenCode.CollegeProtege.impl.DefaultMTech is not enhanced.

[2021-04-26 13:16:50 #6 type] 
Type ProtegeGenCode.CollegeProtege.impl.DefaultProfessor is not enhanced.

[2021-04-26 13:16:50 #7 type] 
Type ProtegeGenCode.CollegeProtege.impl.DefaultIMTech is not enhanced.

[2021-04-26 13:16:50 #8 type] 
Type ProtegeGenCode.CollegeProtege.impl.DefaultStudent is not enhanced.

[2021-04-26 13:16:50 #9 store] 
Database '/home/prateksha/eclipse-workspace/SemWeb_OODB/jars/db/college_db.odb' is closed by 11790@prateksha-Lenovo-ideapad-530S-15IKB

------------------------------------------------------------------------------------------------------------------------

[2021-04-26 13:18:11 #1 store] 
Database '/home/prateksha/eclipse-workspace/SemWeb_OODB/jars/db/college_db.odb' is opened by 11919@prateksha-Lenovo-ideapad-530S-15IKB

[2021-04-26 13:18:11 #2 store] 
Configuration path: ?

[2021-04-26 13:18:12 #3 type] 
Type ProtegeGenCode.CollegeProtege.impl.DefaultCollege is not enhanced.

[2021-04-26 13:18:12 #4 type] 
Type ProtegeGenCode.CollegeProtege.impl.DefaultCourse is not enhanced.

[2021-04-26 13:18:12 #5 type] 
Type ProtegeGenCode.CollegeProtege.impl.DefaultMTech is not enhanced.

[2021-04-26 13:18:12 #6 type] 
Type ProtegeGenCode.CollegeProtege.impl.DefaultProfessor is not enhanced.

[2021-04-26 13:18:12 #7 type] 
Type ProtegeGenCode.CollegeProtege.impl.DefaultIMTech is not enhanced.

[2021-04-26 13:18:12 #8 type] 
Type ProtegeGenCode.CollegeProtege.impl.DefaultStudent is not enhanced.

[2021-04-26 13:18:12 #9 store] 
Database '/home/prateksha/eclipse-workspace/SemWeb_OODB/jars/db/college_db.odb' is closed by 11919@prateksha-Lenovo-ideapad-530S-15IKB

------------------------------------------------------------------------------------------------------------------------

[2021-04-26 14:00:47 #1 store] 
Database '/home/prateksha/eclipse-workspace/SemWeb_OODB/jars/db/college_db.odb' is opened by 12820@prateksha-Lenovo-ideapad-530S-15IKB

[2021-04-26 14:00:47 #2 store] 
Configuration path: ?

[2021-04-26 14:00:47 #3 type] 
Type ProtegeGenCode.CollegeProtege.impl.DefaultCollege is not enhanced.

[2021-04-26 14:00:47 #4 type] 
Type ProtegeGenCode.CollegeProtege.impl.DefaultCourse is not enhanced.

[2021-04-26 14:00:47 #5 type] 
Type ProtegeGenCode.CollegeProtege.impl.DefaultMTech is not enhanced.

[2021-04-26 14:00:47 #6 type] 
Type ProtegeGenCode.CollegeProtege.impl.DefaultProfessor is not enhanced.

[2021-04-26 14:00:47 #7 type] 
Type ProtegeGenCode.CollegeProtege.impl.DefaultIMTech is not enhanced.

[2021-04-26 14:00:47 #8 type] 
Type ProtegeGenCode.CollegeProtege.impl.DefaultStudent is not enhanced.

[2021-04-26 14:00:47 #9 store] 
Database '/home/prateksha/eclipse-workspace/SemWeb_OODB/jars/db/college_db.odb' is closed by 12820@prateksha-Lenovo-ideapad-530S-15IKB

------------------------------------------------------------------------------------------------------------------------

[2021-04-26 14:02:11 #1 store] 
Database '/home/prateksha/eclipse-workspace/SemWeb_OODB/jars/db/college_db.odb' is opened by 12951@prateksha-Lenovo-ideapad-530S-15IKB

[2021-04-26 14:02:11 #2 store] 
Configuration path: ?

[2021-04-26 14:02:11 #3 type] 
Type ProtegeGenCode.CollegeProtege.impl.DefaultCollege is not enhanced.

[2021-04-26 14:02:11 #4 type] 
Type ProtegeGenCode.CollegeProtege.impl.DefaultCourse is not enhanced.

[2021-04-26 14:02:11 #5 type] 
Type ProtegeGenCode.CollegeProtege.impl.DefaultMTech is not enhanced.

[2021-04-26 14:02:11 #6 type] 
Type ProtegeGenCode.CollegeProtege.impl.DefaultProfessor is not enhanced.

[2021-04-26 14:02:11 #7 type] 
Type ProtegeGenCode.CollegeProtege.impl.DefaultIMTech is not enhanced.

[2021-04-26 14:02:11 #8 type] 
Type ProtegeGenCode.CollegeProtege.impl.DefaultStudent is not enhanced.

[2021-04-26 14:02:11 #9 store] 
Database '/home/prateksha/eclipse-workspace/SemWeb_OODB/jars/db/college_db.odb' is closed by 12951@prateksha-Lenovo-ideapad-530S-15IKB

------------------------------------------------------------------------------------------------------------------------

[2021-04-26 14:28:41 #1 store] 
Database '/home/prateksha/eclipse-workspace/SemWeb_OODB/jars/db/college_db.odb' is opened by 13422@prateksha-Lenovo-ideapad-530S-15IKB

[2021-04-26 14:28:41 #2 store] 
Configuration path: ?

[2021-04-26 14:28:41 #3 type] 
Type ProtegeGenCode.CollegeProtege.impl.DefaultCollege is not enhanced.

[2021-04-26 14:28:41 #4 type] 
Type ProtegeGenCode.CollegeProtege.impl.DefaultCourse is not enhanced.

[2021-04-26 14:28:41 #5 type] 
Type ProtegeGenCode.CollegeProtege.impl.DefaultMTech is not enhanced.

[2021-04-26 14:28:41 #6 type] 
Type ProtegeGenCode.CollegeProtege.impl.DefaultProfessor is not enhanced.

[2021-04-26 14:28:41 #7 type] 
Type ProtegeGenCode.CollegeProtege.impl.DefaultIMTech is not enhanced.

[2021-04-26 14:28:41 #8 type] 
Type ProtegeGenCode.CollegeProtege.impl.DefaultStudent is not enhanced.

[2021-04-26 14:28:41 #9 store] 
Database '/home/prateksha/eclipse-workspace/SemWeb_OODB/jars/db/college_db.odb' is closed by 13422@prateksha-Lenovo-ideapad-530S-15IKB

------------------------------------------------------------------------------------------------------------------------

[2021-04-26 14:54:22 #1 store] 
Database '/home/prateksha/eclipse-workspace/SemWeb_OODB/jars/db/college_db.odb' is opened by 14037@prateksha-Lenovo-ideapad-530S-15IKB

[2021-04-26 14:54:22 #2 store] 
Configuration path: ?

[2021-04-26 14:54:22 #3 type] 
Type ProtegeGenCode.CollegeProtege.impl.DefaultCollege is not enhanced.

[2021-04-26 14:54:22 #4 type] 
Type ProtegeGenCode.CollegeProtege.impl.DefaultCourse is not enhanced.

[2021-04-26 14:54:22 #5 type] 
Type ProtegeGenCode.CollegeProtege.impl.DefaultMTech is not enhanced.

[2021-04-26 14:54:22 #6 type] 
Type ProtegeGenCode.CollegeProtege.impl.DefaultProfessor is not enhanced.

[2021-04-26 14:54:22 #7 type] 
Type ProtegeGenCode.CollegeProtege.impl.DefaultIMTech is not enhanced.

------------------------------------------------------------------------------------------------------------------------

[2021-04-26 14:54:35 #1 store] 
Database '/home/prateksha/eclipse-workspace/SemWeb_OODB/jars/db/college_db.odb' is opened by 14081@prateksha-Lenovo-ideapad-530S-15IKB

[2021-04-26 14:54:35 #2 store] 
Configuration path: ?

[2021-04-26 14:54:35 #3 type] 
Type ProtegeGenCode.CollegeProtege.impl.DefaultCollege is not enhanced.

[2021-04-26 14:54:35 #4 type] 
Type ProtegeGenCode.CollegeProtege.impl.DefaultCourse is not enhanced.

[2021-04-26 14:54:35 #5 type] 
Type ProtegeGenCode.CollegeProtege.impl.DefaultMTech is not enhanced.

[2021-04-26 14:54:35 #6 type] 
Type ProtegeGenCode.CollegeProtege.impl.DefaultProfessor is not enhanced.

[2021-04-26 14:54:35 #7 type] 
Type ProtegeGenCode.CollegeProtege.impl.DefaultIMTech is not enhanced.

[2021-04-26 14:54:35 #8 type] 
Type ProtegeGenCode.CollegeProtege.impl.DefaultStudent is not enhanced.

[2021-04-26 14:54:35 #9 store] 
Database '/home/prateksha/eclipse-workspace/SemWeb_OODB/jars/db/college_db.odb' is closed by 14081@prateksha-Lenovo-ideapad-530S-15IKB

------------------------------------------------------------------------------------------------------------------------

[2021-04-26 14:59:30 #1 store] 
Database '/home/prateksha/eclipse-workspace/SemWeb_OODB/jars/db/college_db.odb' is opened by 14216@prateksha-Lenovo-ideapad-530S-15IKB

[2021-04-26 14:59:30 #2 store] 
Configuration path: ?

[2021-04-26 14:59:30 #3 type] 
Type ProtegeGenCode.CollegeProtege.impl.DefaultCollege is not enhanced.

[2021-04-26 14:59:30 #4 type] 
Type ProtegeGenCode.CollegeProtege.impl.DefaultCourse is not enhanced.

[2021-04-26 14:59:30 #5 type] 
Type ProtegeGenCode.CollegeProtege.impl.DefaultMTech is not enhanced.

[2021-04-26 14:59:30 #6 type] 
Type ProtegeGenCode.CollegeProtege.impl.DefaultProfessor is not enhanced.

[2021-04-26 14:59:30 #7 type] 
Type ProtegeGenCode.CollegeProtege.impl.DefaultIMTech is not enhanced.

[2021-04-26 14:59:30 #8 type] 
Type ProtegeGenCode.CollegeProtege.impl.DefaultStudent is not enhanced.

[2021-04-26 14:59:30 #9 store] 
Database '/home/prateksha/eclipse-workspace/SemWeb_OODB/jars/db/college_db.odb' is closed by 14216@prateksha-Lenovo-ideapad-530S-15IKB

------------------------------------------------------------------------------------------------------------------------

[2021-04-26 15:00:38 #1 store] 
Database '/home/prateksha/eclipse-workspace/SemWeb_OODB/jars/db/college_db.odb' is opened by 14352@prateksha-Lenovo-ideapad-530S-15IKB

[2021-04-26 15:00:38 #2 store] 
Configuration path: ?

[2021-04-26 15:00:38 #3 type] 
Type ProtegeGenCode.CollegeProtege.impl.DefaultCollege is not enhanced.

[2021-04-26 15:00:38 #4 type] 
Type ProtegeGenCode.CollegeProtege.impl.DefaultCourse is not enhanced.

[2021-04-26 15:00:38 #5 type] 
Type ProtegeGenCode.CollegeProtege.impl.DefaultMTech is not enhanced.

[2021-04-26 15:00:38 #6 type] 
Type ProtegeGenCode.CollegeProtege.impl.DefaultProfessor is not enhanced.

[2021-04-26 15:00:38 #7 type] 
Type ProtegeGenCode.CollegeProtege.impl.DefaultIMTech is not enhanced.

[2021-04-26 15:00:38 #8 type] 
Type ProtegeGenCode.CollegeProtege.impl.DefaultStudent is not enhanced.

[2021-04-26 15:00:38 #9 store] 
Database '/home/prateksha/eclipse-workspace/SemWeb_OODB/jars/db/college_db.odb' is closed by 14352@prateksha-Lenovo-ideapad-530S-15IKB

------------------------------------------------------------------------------------------------------------------------

[2021-04-26 15:03:26 #1 store] 
Database '/home/prateksha/eclipse-workspace/SemWeb_OODB/jars/db/college_db.odb' is opened by 14529@prateksha-Lenovo-ideapad-530S-15IKB

[2021-04-26 15:03:26 #2 store] 
Configuration path: ?

[2021-04-26 15:03:26 #3 type] 
Type ProtegeGenCode.CollegeProtege.impl.DefaultCollege is not enhanced.

[2021-04-26 15:03:26 #4 type] 
Type ProtegeGenCode.CollegeProtege.impl.DefaultCourse is not enhanced.

[2021-04-26 15:03:26 #5 type] 
Type ProtegeGenCode.CollegeProtege.impl.DefaultMTech is not enhanced.

[2021-04-26 15:03:26 #6 type] 
Type ProtegeGenCode.CollegeProtege.impl.DefaultProfessor is not enhanced.

[2021-04-26 15:03:26 #7 type] 
Type ProtegeGenCode.CollegeProtege.impl.DefaultIMTech is not enhanced.

[2021-04-26 15:03:26 #8 type] 
Type ProtegeGenCode.CollegeProtege.impl.DefaultStudent is not enhanced.

[2021-04-26 15:03:26 #9 store] 
Database '/home/prateksha/eclipse-workspace/SemWeb_OODB/jars/db/college_db.odb' is closed by 14529@prateksha-Lenovo-ideapad-530S-15IKB

------------------------------------------------------------------------------------------------------------------------

[2021-04-26 15:05:30 #1 store] 
Database '/home/prateksha/eclipse-workspace/SemWeb_OODB/jars/db/college_db.odb' is opened by 14666@prateksha-Lenovo-ideapad-530S-15IKB

[2021-04-26 15:05:30 #2 store] 
Configuration path: ?

[2021-04-26 15:05:30 #3 type] 
Type ProtegeGenCode.CollegeProtege.impl.DefaultCollege is not enhanced.

[2021-04-26 15:05:30 #4 type] 
Type ProtegeGenCode.CollegeProtege.impl.DefaultCourse is not enhanced.

[2021-04-26 15:05:30 #5 type] 
Type ProtegeGenCode.CollegeProtege.impl.DefaultMTech is not enhanced.

[2021-04-26 15:05:30 #6 type] 
Type ProtegeGenCode.CollegeProtege.impl.DefaultProfessor is not enhanced.

[2021-04-26 15:05:30 #7 type] 
Type ProtegeGenCode.CollegeProtege.impl.DefaultIMTech is not enhanced.

[2021-04-26 15:05:30 #8 type] 
Type ProtegeGenCode.CollegeProtege.impl.DefaultStudent is not enhanced.

[2021-04-26 15:05:30 #9 store] 
Database '/home/prateksha/eclipse-workspace/SemWeb_OODB/jars/db/college_db.odb' is closed by 14666@prateksha-Lenovo-ideapad-530S-15IKB

------------------------------------------------------------------------------------------------------------------------

[2021-04-26 15:11:18 #1 store] 
Database '/home/prateksha/eclipse-workspace/SemWeb_OODB/jars/db/college_db.odb' is opened by 14977@prateksha-Lenovo-ideapad-530S-15IKB

[2021-04-26 15:11:18 #2 store] 
Configuration path: ?

[2021-04-26 15:11:18 #3 type] 
Type ProtegeGenCode.CollegeProtege.impl.DefaultCollege is not enhanced.

[2021-04-26 15:11:18 #4 type] 
Type ProtegeGenCode.CollegeProtege.impl.DefaultCourse is not enhanced.

[2021-04-26 15:11:18 #5 type] 
Type ProtegeGenCode.CollegeProtege.impl.DefaultMTech is not enhanced.

[2021-04-26 15:11:18 #6 type] 
Type ProtegeGenCode.CollegeProtege.impl.DefaultProfessor is not enhanced.

[2021-04-26 15:11:18 #7 type] 
Type ProtegeGenCode.CollegeProtege.impl.DefaultIMTech is not enhanced.

[2021-04-26 15:11:18 #8 type] 
Type ProtegeGenCode.CollegeProtege.impl.DefaultStudent is not enhanced.

[2021-04-26 15:11:18 #9 store] 
Database '/home/prateksha/eclipse-workspace/SemWeb_OODB/jars/db/college_db.odb' is closed by 14977@prateksha-Lenovo-ideapad-530S-15IKB

------------------------------------------------------------------------------------------------------------------------

[2021-04-26 15:55:46 #1 store] 
Database '/home/prateksha/eclipse-workspace/SemWeb_OODB/jars/db/college_db.odb' is opened by 17317@prateksha-Lenovo-ideapad-530S-15IKB

[2021-04-26 15:55:46 #2 store] 
Configuration path: ?

[2021-04-26 15:55:46 #3 type] 
Type ProtegeGenCode.CollegeProtege.impl.DefaultCollege is not enhanced.

[2021-04-26 15:55:46 #4 type] 
Type ProtegeGenCode.CollegeProtege.impl.DefaultCourse is not enhanced.

[2021-04-26 15:55:46 #5 type] 
Type ProtegeGenCode.CollegeProtege.impl.DefaultMTech is not enhanced.

[2021-04-26 15:55:46 #6 type] 
Type ProtegeGenCode.CollegeProtege.impl.DefaultProfessor is not enhanced.

[2021-04-26 15:55:46 #7 type] 
Type ProtegeGenCode.CollegeProtege.impl.DefaultIMTech is not enhanced.

[2021-04-26 15:55:46 #8 type] 
Type ProtegeGenCode.CollegeProtege.impl.DefaultStudent is not enhanced.

[2021-04-26 15:55:46 #9 store] 
Database '/home/prateksha/eclipse-workspace/SemWeb_OODB/jars/db/college_db.odb' is closed by 17317@prateksha-Lenovo-ideapad-530S-15IKB

------------------------------------------------------------------------------------------------------------------------

[2021-04-26 16:00:11 #1 store] 
Database '/home/prateksha/eclipse-workspace/SemWeb_OODB/jars/db/college_db.odb' is opened by 17648@prateksha-Lenovo-ideapad-530S-15IKB

[2021-04-26 16:00:11 #2 store] 
Configuration path: ?

[2021-04-26 16:00:11 #3 type] 
Type ProtegeGenCode.CollegeProtege.impl.DefaultCollege is not enhanced.

[2021-04-26 16:00:11 #4 type] 
Type ProtegeGenCode.CollegeProtege.impl.DefaultCourse is not enhanced.

[2021-04-26 16:00:11 #5 type] 
Type ProtegeGenCode.CollegeProtege.impl.DefaultMTech is not enhanced.

[2021-04-26 16:00:11 #6 type] 
Type ProtegeGenCode.CollegeProtege.impl.DefaultProfessor is not enhanced.

[2021-04-26 16:00:11 #7 type] 
Type ProtegeGenCode.CollegeProtege.impl.DefaultIMTech is not enhanced.

[2021-04-26 16:00:11 #8 type] 
Type ProtegeGenCode.CollegeProtege.impl.DefaultStudent is not enhanced.

[2021-04-26 16:00:11 #9 store] 
Database '/home/prateksha/eclipse-workspace/SemWeb_OODB/jars/db/college_db.odb' is closed by 17648@prateksha-Lenovo-ideapad-530S-15IKB

------------------------------------------------------------------------------------------------------------------------

[2021-04-26 16:02:27 #1 store] 
Database '/home/prateksha/eclipse-workspace/SemWeb_OODB/jars/db/college_db.odb' is opened by 17736@prateksha-Lenovo-ideapad-530S-15IKB

[2021-04-26 16:02:27 #2 store] 
Configuration path: ?

[2021-04-26 16:02:27 #3 type] 
Type ProtegeGenCode.CollegeProtege.impl.DefaultCollege is not enhanced.

[2021-04-26 16:02:27 #4 type] 
Type ProtegeGenCode.CollegeProtege.impl.DefaultCourse is not enhanced.

[2021-04-26 16:02:27 #5 type] 
Type ProtegeGenCode.CollegeProtege.impl.DefaultMTech is not enhanced.

[2021-04-26 16:02:27 #6 type] 
Type ProtegeGenCode.CollegeProtege.impl.DefaultProfessor is not enhanced.

[2021-04-26 16:02:27 #7 type] 
Type ProtegeGenCode.CollegeProtege.impl.DefaultIMTech is not enhanced.

[2021-04-26 16:02:27 #8 type] 
Type ProtegeGenCode.CollegeProtege.impl.DefaultStudent is not enhanced.

[2021-04-26 16:02:27 #9 store] 
Database '/home/prateksha/eclipse-workspace/SemWeb_OODB/jars/db/college_db.odb' is closed by 17736@prateksha-Lenovo-ideapad-530S-15IKB

------------------------------------------------------------------------------------------------------------------------

[2021-04-26 16:04:06 #1 store] 
Database '/home/prateksha/eclipse-workspace/SemWeb_OODB/jars/db/college_db.odb' is opened by 17886@prateksha-Lenovo-ideapad-530S-15IKB

[2021-04-26 16:04:06 #2 store] 
Configuration path: ?

[2021-04-26 16:04:06 #3 type] 
Type ProtegeGenCode.CollegeProtege.impl.DefaultCollege is not enhanced.

[2021-04-26 16:04:06 #4 type] 
Type ProtegeGenCode.CollegeProtege.impl.DefaultCourse is not enhanced.

[2021-04-26 16:04:06 #5 type] 
Type ProtegeGenCode.CollegeProtege.impl.DefaultMTech is not enhanced.

[2021-04-26 16:04:06 #6 type] 
Type ProtegeGenCode.CollegeProtege.impl.DefaultProfessor is not enhanced.

[2021-04-26 16:04:06 #7 type] 
Type ProtegeGenCode.CollegeProtege.impl.DefaultIMTech is not enhanced.

[2021-04-26 16:04:06 #8 type] 
Type ProtegeGenCode.CollegeProtege.impl.DefaultStudent is not enhanced.

[2021-04-26 16:04:06 #9 store] 
Database '/home/prateksha/eclipse-workspace/SemWeb_OODB/jars/db/college_db.odb' is closed by 17886@prateksha-Lenovo-ideapad-530S-15IKB

------------------------------------------------------------------------------------------------------------------------

[2021-04-26 16:08:19 #1 store] 
Database '/home/prateksha/eclipse-workspace/SemWeb_OODB/jars/db/college_db.odb' is opened by 18288@prateksha-Lenovo-ideapad-530S-15IKB

[2021-04-26 16:08:19 #2 store] 
Configuration path: ?

[2021-04-26 16:08:19 #3 type] 
Type ProtegeGenCode.CollegeProtege.impl.DefaultCollege is not enhanced.

[2021-04-26 16:08:19 #4 type] 
Type ProtegeGenCode.CollegeProtege.impl.DefaultCourse is not enhanced.

[2021-04-26 16:08:19 #5 type] 
Type ProtegeGenCode.CollegeProtege.impl.DefaultMTech is not enhanced.

[2021-04-26 16:08:19 #6 type] 
Type ProtegeGenCode.CollegeProtege.impl.DefaultProfessor is not enhanced.

[2021-04-26 16:08:19 #7 type] 
Type ProtegeGenCode.CollegeProtege.impl.DefaultIMTech is not enhanced.

[2021-04-26 16:08:19 #8 type] 
Type ProtegeGenCode.CollegeProtege.impl.DefaultStudent is not enhanced.

[2021-04-26 16:08:19 #9 store] 
Database '/home/prateksha/eclipse-workspace/SemWeb_OODB/jars/db/college_db.odb' is closed by 18288@prateksha-Lenovo-ideapad-530S-15IKB

------------------------------------------------------------------------------------------------------------------------

[2021-04-26 16:09:47 #1 store] 
Database '/home/prateksha/eclipse-workspace/SemWeb_OODB/jars/db/college_db.odb' is opened by 18387@prateksha-Lenovo-ideapad-530S-15IKB

[2021-04-26 16:09:47 #2 store] 
Configuration path: ?

[2021-04-26 16:09:48 #3 type] 
Type ProtegeGenCode.CollegeProtege.impl.DefaultCollege is not enhanced.

[2021-04-26 16:09:48 #4 type] 
Type ProtegeGenCode.CollegeProtege.impl.DefaultCourse is not enhanced.

[2021-04-26 16:09:48 #5 type] 
Type ProtegeGenCode.CollegeProtege.impl.DefaultMTech is not enhanced.

[2021-04-26 16:09:48 #6 type] 
Type ProtegeGenCode.CollegeProtege.impl.DefaultProfessor is not enhanced.

[2021-04-26 16:09:48 #7 type] 
Type ProtegeGenCode.CollegeProtege.impl.DefaultIMTech is not enhanced.

[2021-04-26 16:09:48 #8 type] 
Type ProtegeGenCode.CollegeProtege.impl.DefaultStudent is not enhanced.

[2021-04-26 16:09:48 #9 store] 
Database '/home/prateksha/eclipse-workspace/SemWeb_OODB/jars/db/college_db.odb' is closed by 18387@prateksha-Lenovo-ideapad-530S-15IKB

------------------------------------------------------------------------------------------------------------------------

[2021-04-26 16:10:21 #1 store] 
Database '/home/prateksha/eclipse-workspace/SemWeb_OODB/jars/db/college_db.odb' is opened by 18443@prateksha-Lenovo-ideapad-530S-15IKB

[2021-04-26 16:10:21 #2 store] 
Configuration path: ?

[2021-04-26 16:10:22 #3 type] 
Type ProtegeGenCode.CollegeProtege.impl.DefaultCollege is not enhanced.

[2021-04-26 16:10:22 #4 type] 
Type ProtegeGenCode.CollegeProtege.impl.DefaultCourse is not enhanced.

[2021-04-26 16:10:22 #5 type] 
Type ProtegeGenCode.CollegeProtege.impl.DefaultMTech is not enhanced.

[2021-04-26 16:10:22 #6 type] 
Type ProtegeGenCode.CollegeProtege.impl.DefaultProfessor is not enhanced.

[2021-04-26 16:10:22 #7 type] 
Type ProtegeGenCode.CollegeProtege.impl.DefaultIMTech is not enhanced.

[2021-04-26 16:10:22 #8 type] 
Type ProtegeGenCode.CollegeProtege.impl.DefaultStudent is not enhanced.

[2021-04-26 16:10:22 #9 store] 
Database '/home/prateksha/eclipse-workspace/SemWeb_OODB/jars/db/college_db.odb' is closed by 18443@prateksha-Lenovo-ideapad-530S-15IKB

------------------------------------------------------------------------------------------------------------------------

[2021-04-26 16:12:08 #1 store] 
Database '/home/prateksha/eclipse-workspace/SemWeb_OODB/jars/db/college_db.odb' is opened by 18522@prateksha-Lenovo-ideapad-530S-15IKB

[2021-04-26 16:12:08 #2 store] 
Configuration path: ?

[2021-04-26 16:12:08 #3 type] 
Type ProtegeGenCode.CollegeProtege.impl.DefaultCollege is not enhanced.

[2021-04-26 16:12:08 #4 type] 
Type ProtegeGenCode.CollegeProtege.impl.DefaultCourse is not enhanced.

[2021-04-26 16:12:08 #5 type] 
Type ProtegeGenCode.CollegeProtege.impl.DefaultMTech is not enhanced.

[2021-04-26 16:12:08 #6 type] 
Type ProtegeGenCode.CollegeProtege.impl.DefaultProfessor is not enhanced.

[2021-04-26 16:12:08 #7 type] 
Type ProtegeGenCode.CollegeProtege.impl.DefaultIMTech is not enhanced.

[2021-04-26 16:12:08 #8 type] 
Type ProtegeGenCode.CollegeProtege.impl.DefaultStudent is not enhanced.

[2021-04-26 16:12:08 #9 store] 
Database '/home/prateksha/eclipse-workspace/SemWeb_OODB/jars/db/college_db.odb' is closed by 18522@prateksha-Lenovo-ideapad-530S-15IKB

------------------------------------------------------------------------------------------------------------------------

[2021-04-26 16:29:17 #1 store] 
Database '/home/prateksha/eclipse-workspace/SemWeb_OODB/jars/db/college_db.odb' is opened by 19306@prateksha-Lenovo-ideapad-530S-15IKB

[2021-04-26 16:29:17 #2 store] 
Configuration path: ?

[2021-04-26 16:29:17 #3 type] 
Type ProtegeGenCode.CollegeProtege.impl.DefaultCollege is not enhanced.

[2021-04-26 16:29:17 #4 type] 
Type ProtegeGenCode.CollegeProtege.impl.DefaultCourse is not enhanced.

[2021-04-26 16:29:17 #5 type] 
Type ProtegeGenCode.CollegeProtege.impl.DefaultMTech is not enhanced.

[2021-04-26 16:29:17 #6 type] 
Type ProtegeGenCode.CollegeProtege.impl.DefaultProfessor is not enhanced.

[2021-04-26 16:29:17 #7 type] 
Type ProtegeGenCode.CollegeProtege.impl.DefaultIMTech is not enhanced.

[2021-04-26 16:29:17 #8 type] 
Type ProtegeGenCode.CollegeProtege.impl.DefaultStudent is not enhanced.

[2021-04-26 16:29:17 #9 store] 
Database '/home/prateksha/eclipse-workspace/SemWeb_OODB/jars/db/college_db.odb' is closed by 19306@prateksha-Lenovo-ideapad-530S-15IKB

------------------------------------------------------------------------------------------------------------------------

[2021-04-26 16:30:29 #1 store] 
Database '/home/prateksha/eclipse-workspace/SemWeb_OODB/jars/db/college_db.odb' is opened by 19396@prateksha-Lenovo-ideapad-530S-15IKB

[2021-04-26 16:30:29 #2 store] 
Configuration path: ?

[2021-04-26 16:30:29 #3 type] 
Type ProtegeGenCode.CollegeProtege.impl.DefaultCollege is not enhanced.

[2021-04-26 16:30:29 #4 type] 
Type ProtegeGenCode.CollegeProtege.impl.DefaultCourse is not enhanced.

[2021-04-26 16:30:29 #5 type] 
Type ProtegeGenCode.CollegeProtege.impl.DefaultMTech is not enhanced.

[2021-04-26 16:30:29 #6 type] 
Type ProtegeGenCode.CollegeProtege.impl.DefaultProfessor is not enhanced.

[2021-04-26 16:30:29 #7 type] 
Type ProtegeGenCode.CollegeProtege.impl.DefaultIMTech is not enhanced.

[2021-04-26 16:30:29 #8 type] 
Type ProtegeGenCode.CollegeProtege.impl.DefaultStudent is not enhanced.

[2021-04-26 16:30:29 #9 store] 
Database '/home/prateksha/eclipse-workspace/SemWeb_OODB/jars/db/college_db.odb' is closed by 19396@prateksha-Lenovo-ideapad-530S-15IKB

------------------------------------------------------------------------------------------------------------------------

[2021-04-26 16:31:24 #1 store] 
Database '/home/prateksha/eclipse-workspace/SemWeb_OODB/jars/db/college_db.odb' is opened by 19547@prateksha-Lenovo-ideapad-530S-15IKB

[2021-04-26 16:31:24 #2 store] 
Configuration path: ?

[2021-04-26 16:31:24 #3 type] 
Type ProtegeGenCode.CollegeProtege.impl.DefaultCollege is not enhanced.

[2021-04-26 16:31:24 #4 type] 
Type ProtegeGenCode.CollegeProtege.impl.DefaultCourse is not enhanced.

[2021-04-26 16:31:24 #5 type] 
Type ProtegeGenCode.CollegeProtege.impl.DefaultMTech is not enhanced.

[2021-04-26 16:31:24 #6 type] 
Type ProtegeGenCode.CollegeProtege.impl.DefaultProfessor is not enhanced.

[2021-04-26 16:31:24 #7 type] 
Type ProtegeGenCode.CollegeProtege.impl.DefaultIMTech is not enhanced.

[2021-04-26 16:31:24 #8 type] 
Type ProtegeGenCode.CollegeProtege.impl.DefaultStudent is not enhanced.

[2021-04-26 16:31:24 #9 store] 
Database '/home/prateksha/eclipse-workspace/SemWeb_OODB/jars/db/college_db.odb' is closed by 19547@prateksha-Lenovo-ideapad-530S-15IKB

------------------------------------------------------------------------------------------------------------------------

[2021-04-26 16:32:24 #1 store] 
Database '/home/prateksha/eclipse-workspace/SemWeb_OODB/jars/db/college_db.odb' is opened by 19629@prateksha-Lenovo-ideapad-530S-15IKB

[2021-04-26 16:32:24 #2 store] 
Configuration path: ?

[2021-04-26 16:32:25 #3 type] 
Type ProtegeGenCode.CollegeProtege.impl.DefaultCollege is not enhanced.

[2021-04-26 16:32:25 #4 type] 
Type ProtegeGenCode.CollegeProtege.impl.DefaultCourse is not enhanced.

[2021-04-26 16:32:25 #5 type] 
Type ProtegeGenCode.CollegeProtege.impl.DefaultMTech is not enhanced.

[2021-04-26 16:32:25 #6 type] 
Type ProtegeGenCode.CollegeProtege.impl.DefaultProfessor is not enhanced.

[2021-04-26 16:32:25 #7 type] 
Type ProtegeGenCode.CollegeProtege.impl.DefaultIMTech is not enhanced.

[2021-04-26 16:32:25 #8 type] 
Type ProtegeGenCode.CollegeProtege.impl.DefaultStudent is not enhanced.

[2021-04-26 16:32:25 #9 store] 
Database '/home/prateksha/eclipse-workspace/SemWeb_OODB/jars/db/college_db.odb' is closed by 19629@prateksha-Lenovo-ideapad-530S-15IKB

------------------------------------------------------------------------------------------------------------------------

[2021-04-26 16:34:10 #1 store] 
Database '/home/prateksha/eclipse-workspace/SemWeb_OODB/jars/db/college_db.odb' is opened by 19878@prateksha-Lenovo-ideapad-530S-15IKB

[2021-04-26 16:34:10 #2 store] 
Configuration path: ?

[2021-04-26 16:34:10 #3 type] 
Type ProtegeGenCode.CollegeProtege.impl.DefaultCollege is not enhanced.

[2021-04-26 16:34:10 #4 type] 
Type ProtegeGenCode.CollegeProtege.impl.DefaultCourse is not enhanced.

[2021-04-26 16:34:10 #5 type] 
Type ProtegeGenCode.CollegeProtege.impl.DefaultMTech is not enhanced.

[2021-04-26 16:34:10 #6 type] 
Type ProtegeGenCode.CollegeProtege.impl.DefaultProfessor is not enhanced.

[2021-04-26 16:34:10 #7 type] 
Type ProtegeGenCode.CollegeProtege.impl.DefaultIMTech is not enhanced.

[2021-04-26 16:34:10 #8 type] 
Type ProtegeGenCode.CollegeProtege.impl.DefaultStudent is not enhanced.

[2021-04-26 16:34:11 #9 store] 
Database '/home/prateksha/eclipse-workspace/SemWeb_OODB/jars/db/college_db.odb' is closed by 19878@prateksha-Lenovo-ideapad-530S-15IKB

------------------------------------------------------------------------------------------------------------------------

[2021-04-26 16:42:09 #1 store] 
Database '/home/prateksha/eclipse-workspace/SemWeb_OODB/jars/db/college_db.odb' is opened by 20208@prateksha-Lenovo-ideapad-530S-15IKB

[2021-04-26 16:42:09 #2 store] 
Configuration path: ?

[2021-04-26 16:42:10 #3 type] 
Type ProtegeGenCode.CollegeProtege.impl.DefaultCollege is not enhanced.

[2021-04-26 16:42:10 #4 type] 
Type ProtegeGenCode.CollegeProtege.impl.DefaultCourse is not enhanced.

[2021-04-26 16:42:10 #5 type] 
Type ProtegeGenCode.CollegeProtege.impl.DefaultMTech is not enhanced.

[2021-04-26 16:42:10 #6 type] 
Type ProtegeGenCode.CollegeProtege.impl.DefaultProfessor is not enhanced.

[2021-04-26 16:42:10 #7 type] 
Type ProtegeGenCode.CollegeProtege.impl.DefaultIMTech is not enhanced.

[2021-04-26 16:42:10 #8 type] 
Type ProtegeGenCode.CollegeProtege.impl.DefaultStudent is not enhanced.

[2021-04-26 16:42:10 #9 store] 
Database '/home/prateksha/eclipse-workspace/SemWeb_OODB/jars/db/college_db.odb' is closed by 20208@prateksha-Lenovo-ideapad-530S-15IKB

------------------------------------------------------------------------------------------------------------------------

[2021-04-26 16:44:45 #1 store] 
Database '/home/prateksha/eclipse-workspace/SemWeb_OODB/jars/db/college_db.odb' is opened by 20328@prateksha-Lenovo-ideapad-530S-15IKB

[2021-04-26 16:44:45 #2 store] 
Configuration path: ?

[2021-04-26 16:44:45 #3 type] 
Type ProtegeGenCode.CollegeProtege.impl.DefaultCollege is not enhanced.

[2021-04-26 16:44:45 #4 type] 
Type ProtegeGenCode.CollegeProtege.impl.DefaultCourse is not enhanced.

[2021-04-26 16:44:45 #5 type] 
Type ProtegeGenCode.CollegeProtege.impl.DefaultMTech is not enhanced.

[2021-04-26 16:44:45 #6 type] 
Type ProtegeGenCode.CollegeProtege.impl.DefaultProfessor is not enhanced.

[2021-04-26 16:44:45 #7 type] 
Type ProtegeGenCode.CollegeProtege.impl.DefaultIMTech is not enhanced.

[2021-04-26 16:44:45 #8 type] 
Type ProtegeGenCode.CollegeProtege.impl.DefaultStudent is not enhanced.

[2021-04-26 16:44:46 #9 store] 
Database '/home/prateksha/eclipse-workspace/SemWeb_OODB/jars/db/college_db.odb' is closed by 20328@prateksha-Lenovo-ideapad-530S-15IKB

------------------------------------------------------------------------------------------------------------------------

[2021-04-26 16:48:28 #1 store] 
Database '/home/prateksha/eclipse-workspace/SemWeb_OODB/jars/db/college_db.odb' is opened by 20508@prateksha-Lenovo-ideapad-530S-15IKB

[2021-04-26 16:48:28 #2 store] 
Configuration path: ?

[2021-04-26 16:48:28 #3 type] 
Type ProtegeGenCode.CollegeProtege.impl.DefaultCollege is not enhanced.

[2021-04-26 16:48:28 #4 type] 
Type ProtegeGenCode.CollegeProtege.impl.DefaultCourse is not enhanced.

[2021-04-26 16:48:28 #5 type] 
Type ProtegeGenCode.CollegeProtege.impl.DefaultMTech is not enhanced.

[2021-04-26 16:48:28 #6 type] 
Type ProtegeGenCode.CollegeProtege.impl.DefaultProfessor is not enhanced.

[2021-04-26 16:48:28 #7 type] 
Type ProtegeGenCode.CollegeProtege.impl.DefaultIMTech is not enhanced.

[2021-04-26 16:48:28 #8 type] 
Type ProtegeGenCode.CollegeProtege.impl.DefaultStudent is not enhanced.

------------------------------------------------------------------------------------------------------------------------

[2021-04-26 16:51:30 #1 store] 
Database '/home/prateksha/eclipse-workspace/SemWeb_OODB/jars/db/college_db.odb' is opened by 20596@prateksha-Lenovo-ideapad-530S-15IKB

[2021-04-26 16:51:30 #2 store] 
Configuration path: ?

[2021-04-26 16:51:30 #3 type] 
Type ProtegeGenCode.CollegeProtege.impl.DefaultCollege is not enhanced.

[2021-04-26 16:51:30 #4 type] 
Type ProtegeGenCode.CollegeProtege.impl.DefaultCourse is not enhanced.

[2021-04-26 16:51:30 #5 type] 
Type ProtegeGenCode.CollegeProtege.impl.DefaultMTech is not enhanced.

[2021-04-26 16:51:30 #6 type] 
Type ProtegeGenCode.CollegeProtege.impl.DefaultProfessor is not enhanced.

[2021-04-26 16:51:30 #7 type] 
Type ProtegeGenCode.CollegeProtege.impl.DefaultIMTech is not enhanced.

[2021-04-26 16:51:30 #8 type] 
Type ProtegeGenCode.CollegeProtege.impl.DefaultStudent is not enhanced.

------------------------------------------------------------------------------------------------------------------------

[2021-04-26 16:52:37 #1 store] 
Database '/home/prateksha/eclipse-workspace/SemWeb_OODB/jars/db/college_db.odb' is opened by 20719@prateksha-Lenovo-ideapad-530S-15IKB

[2021-04-26 16:52:37 #2 store] 
Configuration path: ?

[2021-04-26 16:52:37 #3 type] 
Type ProtegeGenCode.CollegeProtege.impl.DefaultCollege is not enhanced.

[2021-04-26 16:52:37 #4 type] 
Type ProtegeGenCode.CollegeProtege.impl.DefaultCourse is not enhanced.

[2021-04-26 16:52:37 #5 type] 
Type ProtegeGenCode.CollegeProtege.impl.DefaultMTech is not enhanced.

[2021-04-26 16:52:37 #6 type] 
Type ProtegeGenCode.CollegeProtege.impl.DefaultProfessor is not enhanced.

[2021-04-26 16:52:37 #7 type] 
Type ProtegeGenCode.CollegeProtege.impl.DefaultIMTech is not enhanced.

[2021-04-26 16:52:37 #8 type] 
Type ProtegeGenCode.CollegeProtege.impl.DefaultStudent is not enhanced.

------------------------------------------------------------------------------------------------------------------------

[2021-04-26 16:54:39 #1 store] 
Database '/home/prateksha/eclipse-workspace/SemWeb_OODB/jars/db/college_db.odb' is opened by 20833@prateksha-Lenovo-ideapad-530S-15IKB

[2021-04-26 16:54:39 #2 store] 
Configuration path: ?

[2021-04-26 16:54:39 #3 type] 
Type ProtegeGenCode.CollegeProtege.impl.DefaultCollege is not enhanced.

[2021-04-26 16:54:39 #4 type] 
Type ProtegeGenCode.CollegeProtege.impl.DefaultCourse is not enhanced.

[2021-04-26 16:54:39 #5 type] 
Type ProtegeGenCode.CollegeProtege.impl.DefaultMTech is not enhanced.

[2021-04-26 16:54:39 #6 type] 
Type ProtegeGenCode.CollegeProtege.impl.DefaultProfessor is not enhanced.

[2021-04-26 16:54:39 #7 type] 
Type ProtegeGenCode.CollegeProtege.impl.DefaultIMTech is not enhanced.

[2021-04-26 16:54:39 #8 type] 
Type ProtegeGenCode.CollegeProtege.impl.DefaultStudent is not enhanced.

------------------------------------------------------------------------------------------------------------------------

[2021-04-26 16:55:17 #1 store] 
Database '/home/prateksha/eclipse-workspace/SemWeb_OODB/jars/db/college_db.odb' is opened by 20899@prateksha-Lenovo-ideapad-530S-15IKB

[2021-04-26 16:55:17 #2 store] 
Configuration path: ?

[2021-04-26 16:55:17 #3 type] 
Type ProtegeGenCode.CollegeProtege.impl.DefaultCollege is not enhanced.

[2021-04-26 16:55:17 #4 type] 
Type ProtegeGenCode.CollegeProtege.impl.DefaultCourse is not enhanced.

[2021-04-26 16:55:17 #5 type] 
Type ProtegeGenCode.CollegeProtege.impl.DefaultMTech is not enhanced.

[2021-04-26 16:55:17 #6 type] 
Type ProtegeGenCode.CollegeProtege.impl.DefaultProfessor is not enhanced.

[2021-04-26 16:55:17 #7 type] 
Type ProtegeGenCode.CollegeProtege.impl.DefaultIMTech is not enhanced.

[2021-04-26 16:55:17 #8 type] 
Type ProtegeGenCode.CollegeProtege.impl.DefaultStudent is not enhanced.

[2021-04-26 16:55:17 #9 store] 
Database '/home/prateksha/eclipse-workspace/SemWeb_OODB/jars/db/college_db.odb' is closed by 20899@prateksha-Lenovo-ideapad-530S-15IKB

------------------------------------------------------------------------------------------------------------------------

[2021-04-26 16:56:52 #1 store] 
Database '/home/prateksha/eclipse-workspace/SemWeb_OODB/jars/db/college_db.odb' is opened by 20971@prateksha-Lenovo-ideapad-530S-15IKB

[2021-04-26 16:56:52 #2 store] 
Configuration path: ?

[2021-04-26 16:56:52 #3 type] 
Type ProtegeGenCode.CollegeProtege.impl.DefaultCollege is not enhanced.

[2021-04-26 16:56:52 #4 type] 
Type ProtegeGenCode.CollegeProtege.impl.DefaultCourse is not enhanced.

[2021-04-26 16:56:52 #5 type] 
Type ProtegeGenCode.CollegeProtege.impl.DefaultMTech is not enhanced.

[2021-04-26 16:56:52 #6 type] 
Type ProtegeGenCode.CollegeProtege.impl.DefaultProfessor is not enhanced.

[2021-04-26 16:56:52 #7 type] 
Type ProtegeGenCode.CollegeProtege.impl.DefaultIMTech is not enhanced.

[2021-04-26 16:56:52 #8 type] 
Type ProtegeGenCode.CollegeProtege.impl.DefaultStudent is not enhanced.

[2021-04-26 16:56:52 #9 store] 
Database '/home/prateksha/eclipse-workspace/SemWeb_OODB/jars/db/college_db.odb' is closed by 20971@prateksha-Lenovo-ideapad-530S-15IKB

------------------------------------------------------------------------------------------------------------------------

[2021-04-26 17:00:12 #1 store] 
Database '/home/prateksha/eclipse-workspace/SemWeb_OODB/jars/db/college_db.odb' is opened by 21100@prateksha-Lenovo-ideapad-530S-15IKB

[2021-04-26 17:00:12 #2 store] 
Configuration path: ?

[2021-04-26 17:00:13 #3 type] 
Type ProtegeGenCode.CollegeProtege.impl.DefaultCollege is not enhanced.

[2021-04-26 17:00:13 #4 type] 
Type ProtegeGenCode.CollegeProtege.impl.DefaultCourse is not enhanced.

[2021-04-26 17:00:13 #5 type] 
Type ProtegeGenCode.CollegeProtege.impl.DefaultMTech is not enhanced.

[2021-04-26 17:00:13 #6 type] 
Type ProtegeGenCode.CollegeProtege.impl.DefaultProfessor is not enhanced.

[2021-04-26 17:00:13 #7 type] 
Type ProtegeGenCode.CollegeProtege.impl.DefaultIMTech is not enhanced.

[2021-04-26 17:00:13 #8 type] 
Type ProtegeGenCode.CollegeProtege.impl.DefaultStudent is not enhanced.

[2021-04-26 17:00:13 #9 store] 
Database '/home/prateksha/eclipse-workspace/SemWeb_OODB/jars/db/college_db.odb' is closed by 21100@prateksha-Lenovo-ideapad-530S-15IKB

------------------------------------------------------------------------------------------------------------------------

[2021-04-26 17:00:50 #1 store] 
Database '/home/prateksha/eclipse-workspace/SemWeb_OODB/jars/db/college_db.odb' is opened by 21188@prateksha-Lenovo-ideapad-530S-15IKB

[2021-04-26 17:00:50 #2 store] 
Configuration path: ?

[2021-04-26 17:00:50 #3 type] 
Type ProtegeGenCode.CollegeProtege.impl.DefaultCollege is not enhanced.

[2021-04-26 17:00:50 #4 type] 
Type ProtegeGenCode.CollegeProtege.impl.DefaultCourse is not enhanced.

[2021-04-26 17:00:50 #5 type] 
Type ProtegeGenCode.CollegeProtege.impl.DefaultMTech is not enhanced.

[2021-04-26 17:00:50 #6 type] 
Type ProtegeGenCode.CollegeProtege.impl.DefaultProfessor is not enhanced.

[2021-04-26 17:00:50 #7 type] 
Type ProtegeGenCode.CollegeProtege.impl.DefaultIMTech is not enhanced.

[2021-04-26 17:00:50 #8 type] 
Type ProtegeGenCode.CollegeProtege.impl.DefaultStudent is not enhanced.

[2021-04-26 17:00:51 #9 store] 
Database '/home/prateksha/eclipse-workspace/SemWeb_OODB/jars/db/college_db.odb' is closed by 21188@prateksha-Lenovo-ideapad-530S-15IKB

------------------------------------------------------------------------------------------------------------------------

[2021-04-26 17:02:20 #1 store] 
Database '/home/prateksha/eclipse-workspace/SemWeb_OODB/jars/db/college_db.odb' is opened by 21286@prateksha-Lenovo-ideapad-530S-15IKB

[2021-04-26 17:02:20 #2 store] 
Configuration path: ?

[2021-04-26 17:02:20 #3 type] 
Type ProtegeGenCode.CollegeProtege.impl.DefaultCollege is not enhanced.

[2021-04-26 17:02:20 #4 type] 
Type ProtegeGenCode.CollegeProtege.impl.DefaultCourse is not enhanced.

[2021-04-26 17:02:20 #5 type] 
Type ProtegeGenCode.CollegeProtege.impl.DefaultMTech is not enhanced.

[2021-04-26 17:02:20 #6 type] 
Type ProtegeGenCode.CollegeProtege.impl.DefaultProfessor is not enhanced.

[2021-04-26 17:02:20 #7 type] 
Type ProtegeGenCode.CollegeProtege.impl.DefaultIMTech is not enhanced.

[2021-04-26 17:02:20 #8 type] 
Type ProtegeGenCode.CollegeProtege.impl.DefaultStudent is not enhanced.

------------------------------------------------------------------------------------------------------------------------

[2021-04-26 17:02:53 #1 store] 
Database '/home/prateksha/eclipse-workspace/SemWeb_OODB/jars/db/college_db.odb' is opened by 21346@prateksha-Lenovo-ideapad-530S-15IKB

[2021-04-26 17:02:53 #2 store] 
Configuration path: ?

[2021-04-26 17:02:54 #3 type] 
Type ProtegeGenCode.CollegeProtege.impl.DefaultCollege is not enhanced.

[2021-04-26 17:02:54 #4 type] 
Type ProtegeGenCode.CollegeProtege.impl.DefaultCourse is not enhanced.

[2021-04-26 17:02:54 #5 type] 
Type ProtegeGenCode.CollegeProtege.impl.DefaultMTech is not enhanced.

[2021-04-26 17:02:54 #6 type] 
Type ProtegeGenCode.CollegeProtege.impl.DefaultProfessor is not enhanced.

[2021-04-26 17:02:54 #7 type] 
Type ProtegeGenCode.CollegeProtege.impl.DefaultIMTech is not enhanced.

[2021-04-26 17:02:54 #8 type] 
Type ProtegeGenCode.CollegeProtege.impl.DefaultStudent is not enhanced.

[2021-04-26 17:02:54 #9 store] 
Database '/home/prateksha/eclipse-workspace/SemWeb_OODB/jars/db/college_db.odb' is closed by 21346@prateksha-Lenovo-ideapad-530S-15IKB

------------------------------------------------------------------------------------------------------------------------

[2021-04-26 17:03:45 #1 store] 
Database '/home/prateksha/eclipse-workspace/SemWeb_OODB/jars/db/college_db.odb' is opened by 21469@prateksha-Lenovo-ideapad-530S-15IKB

[2021-04-26 17:03:45 #2 store] 
Configuration path: ?

[2021-04-26 17:03:45 #3 type] 
Type ProtegeGenCode.CollegeProtege.impl.DefaultCollege is not enhanced.

[2021-04-26 17:03:45 #4 type] 
Type ProtegeGenCode.CollegeProtege.impl.DefaultCourse is not enhanced.

[2021-04-26 17:03:45 #5 type] 
Type ProtegeGenCode.CollegeProtege.impl.DefaultMTech is not enhanced.

[2021-04-26 17:03:45 #6 type] 
Type ProtegeGenCode.CollegeProtege.impl.DefaultProfessor is not enhanced.

[2021-04-26 17:03:45 #7 type] 
Type ProtegeGenCode.CollegeProtege.impl.DefaultIMTech is not enhanced.

[2021-04-26 17:03:45 #8 type] 
Type ProtegeGenCode.CollegeProtege.impl.DefaultStudent is not enhanced.

[2021-04-26 17:03:45 #9 store] 
Database '/home/prateksha/eclipse-workspace/SemWeb_OODB/jars/db/college_db.odb' is closed by 21469@prateksha-Lenovo-ideapad-530S-15IKB

------------------------------------------------------------------------------------------------------------------------

[2021-04-26 17:11:45 #1 store] 
Database '/home/prateksha/eclipse-workspace/SemWeb_OODB/jars/db/college_db.odb' is opened by 21926@prateksha-Lenovo-ideapad-530S-15IKB

[2021-04-26 17:11:45 #2 store] 
Configuration path: ?

[2021-04-26 17:11:46 #3 type] 
Type ProtegeGenCode.CollegeProtege.impl.DefaultCollege is not enhanced.

[2021-04-26 17:11:46 #4 type] 
Type ProtegeGenCode.CollegeProtege.impl.DefaultCourse is not enhanced.

[2021-04-26 17:11:46 #5 type] 
Type ProtegeGenCode.CollegeProtege.impl.DefaultMTech is not enhanced.

[2021-04-26 17:11:46 #6 type] 
Type ProtegeGenCode.CollegeProtege.impl.DefaultProfessor is not enhanced.

[2021-04-26 17:11:46 #7 type] 
Type ProtegeGenCode.CollegeProtege.impl.DefaultIMTech is not enhanced.

[2021-04-26 17:11:46 #8 type] 
Type ProtegeGenCode.CollegeProtege.impl.DefaultStudent is not enhanced.

[2021-04-26 17:11:46 #9 store] 
Database '/home/prateksha/eclipse-workspace/SemWeb_OODB/jars/db/college_db.odb' is closed by 21926@prateksha-Lenovo-ideapad-530S-15IKB

------------------------------------------------------------------------------------------------------------------------

[2021-04-26 17:12:48 #1 store] 
Database '/home/prateksha/eclipse-workspace/SemWeb_OODB/jars/db/college_db.odb' is opened by 22055@prateksha-Lenovo-ideapad-530S-15IKB

[2021-04-26 17:12:48 #2 store] 
Configuration path: ?

[2021-04-26 17:12:48 #3 type] 
Type ProtegeGenCode.CollegeProtege.impl.DefaultCollege is not enhanced.

[2021-04-26 17:12:48 #4 type] 
Type ProtegeGenCode.CollegeProtege.impl.DefaultCourse is not enhanced.

[2021-04-26 17:12:48 #5 type] 
Type ProtegeGenCode.CollegeProtege.impl.DefaultMTech is not enhanced.

[2021-04-26 17:12:48 #6 type] 
Type ProtegeGenCode.CollegeProtege.impl.DefaultProfessor is not enhanced.

[2021-04-26 17:12:48 #7 type] 
Type ProtegeGenCode.CollegeProtege.impl.DefaultIMTech is not enhanced.

[2021-04-26 17:12:48 #8 type] 
Type ProtegeGenCode.CollegeProtege.impl.DefaultStudent is not enhanced.

[2021-04-26 17:12:49 #9 store] 
Database '/home/prateksha/eclipse-workspace/SemWeb_OODB/jars/db/college_db.odb' is closed by 22055@prateksha-Lenovo-ideapad-530S-15IKB

------------------------------------------------------------------------------------------------------------------------

[2021-04-26 17:16:35 #1 store] 
Database '/home/prateksha/eclipse-workspace/SemWeb_OODB/jars/db/college_db.odb' is opened by 22194@prateksha-Lenovo-ideapad-530S-15IKB

[2021-04-26 17:16:35 #2 store] 
Configuration path: ?

[2021-04-26 17:16:35 #3 type] 
Type ProtegeGenCode.CollegeProtege.impl.DefaultCollege is not enhanced.

[2021-04-26 17:16:35 #4 type] 
Type ProtegeGenCode.CollegeProtege.impl.DefaultCourse is not enhanced.

[2021-04-26 17:16:35 #5 type] 
Type ProtegeGenCode.CollegeProtege.impl.DefaultMTech is not enhanced.

[2021-04-26 17:16:35 #6 type] 
Type ProtegeGenCode.CollegeProtege.impl.DefaultProfessor is not enhanced.

[2021-04-26 17:16:35 #7 type] 
Type ProtegeGenCode.CollegeProtege.impl.DefaultIMTech is not enhanced.

[2021-04-26 17:16:35 #8 type] 
Type ProtegeGenCode.CollegeProtege.impl.DefaultStudent is not enhanced.

[2021-04-26 17:16:36 #9 store] 
Database '/home/prateksha/eclipse-workspace/SemWeb_OODB/jars/db/college_db.odb' is closed by 22194@prateksha-Lenovo-ideapad-530S-15IKB

